<?xml version="1.0" encoding="UTF-8"?>
<!-- Generated by org.testng.reporters.JUnitReportReporter -->
<testsuite hostname="DESKTOP-HHEF1A7" name="TestNG_Tasks.Activity_8" tests="1" failures="0" timestamp="27 Aug 2020 12:43:30 GMT" time="30.256" errors="0">
  <testcase name="TestCase8" time="30.256" classname="TestNG_Tasks.Activity_8"/>
</testsuite> <!-- TestNG_Tasks.Activity_8 -->
