<?xml version="1.0" encoding="UTF-8"?>
<!-- Generated by org.testng.reporters.JUnitReportReporter -->
<testsuite hostname="DESKTOP-HHEF1A7" name="TestNG_Tasks.Test1" tests="1" failures="0" timestamp="26 Aug 2020 06:28:48 GMT" time="10.581" errors="0">
  <testcase name="TestCase1" time="10.581" classname="TestNG_Tasks.Test1"/>
</testsuite> <!-- TestNG_Tasks.Test1 -->
